2024-12-25 11:07:51,027 - INFO - Request URL: 'https://helsinkiweatherstorage.blob.core.windows.net/weather-data/cleaned_weather_data.csv'
Request method: 'GET'
Request headers:
    'x-ms-range': 'REDACTED'
    'x-ms-version': 'REDACTED'
    'Accept': 'application/xml'
    'User-Agent': 'azsdk-python-storage-blob/12.24.0 Python/3.10.0 (Windows-10-10.0.19045-SP0)'
    'x-ms-date': 'REDACTED'
    'x-ms-client-request-id': 'b7c18b3b-c29f-11ef-a288-049226707d6a'
    'Authorization': 'REDACTED'
No body was attached to the request
2024-12-25 11:07:51,307 - INFO - Response status: 206
Response headers:
    'Content-Length': '191'
    'Content-Type': 'application/octet-stream'
    'Content-Range': 'REDACTED'
    'Last-Modified': 'Wed, 25 Dec 2024 09:06:21 GMT'
    'Accept-Ranges': 'REDACTED'
    'ETag': '"0x8DD24C36671483C"'
    'Server': 'Windows-Azure-Blob/1.0 Microsoft-HTTPAPI/2.0'
    'x-ms-request-id': 'dfa0812f-e01e-0070-65ac-564535000000'
    'x-ms-client-request-id': 'b7c18b3b-c29f-11ef-a288-049226707d6a'
    'x-ms-version': 'REDACTED'
    'x-ms-resource-type': 'REDACTED'
    'x-ms-creation-time': 'REDACTED'
    'x-ms-blob-content-md5': 'REDACTED'
    'x-ms-lease-status': 'REDACTED'
    'x-ms-lease-state': 'REDACTED'
    'x-ms-blob-type': 'REDACTED'
    'x-ms-server-encrypted': 'REDACTED'
    'x-ms-owner': 'REDACTED'
    'x-ms-group': 'REDACTED'
    'x-ms-permissions': 'REDACTED'
    'x-ms-acl': 'REDACTED'
    'Date': 'Wed, 25 Dec 2024 09:07:50 GMT'
2024-12-25 11:07:51,323 - INFO - cleaned_weather_data.csv downloaded from Azure Blob Storage to 2_data\downloaded_cleaned_weather_data.csv.
2024-12-25 11:20:27,019 - INFO - Request URL: 'https://helsinkiweatherstorage.blob.core.windows.net/weather-data/cleaned_weather_data.csv'
Request method: 'GET'
Request headers:
    'x-ms-range': 'REDACTED'
    'x-ms-version': 'REDACTED'
    'Accept': 'application/xml'
    'User-Agent': 'azsdk-python-storage-blob/12.24.0 Python/3.10.0 (Windows-10-10.0.19045-SP0)'
    'x-ms-date': 'REDACTED'
    'x-ms-client-request-id': '7a5c25c5-c2a1-11ef-a16d-049226707d6a'
    'Authorization': 'REDACTED'
No body was attached to the request
2024-12-25 11:20:27,269 - INFO - Response status: 206
Response headers:
    'Content-Length': '191'
    'Content-Type': 'application/octet-stream'
    'Content-Range': 'REDACTED'
    'Last-Modified': 'Wed, 25 Dec 2024 09:20:25 GMT'
    'Accept-Ranges': 'REDACTED'
    'ETag': '"0x8DD24C55D8546AC"'
    'Server': 'Windows-Azure-Blob/1.0 Microsoft-HTTPAPI/2.0'
    'x-ms-request-id': '9a0b3182-901e-0030-1aae-566cdb000000'
    'x-ms-client-request-id': '7a5c25c5-c2a1-11ef-a16d-049226707d6a'
    'x-ms-version': 'REDACTED'
    'x-ms-resource-type': 'REDACTED'
    'x-ms-creation-time': 'REDACTED'
    'x-ms-blob-content-md5': 'REDACTED'
    'x-ms-lease-status': 'REDACTED'
    'x-ms-lease-state': 'REDACTED'
    'x-ms-blob-type': 'REDACTED'
    'x-ms-server-encrypted': 'REDACTED'
    'x-ms-owner': 'REDACTED'
    'x-ms-group': 'REDACTED'
    'x-ms-permissions': 'REDACTED'
    'x-ms-acl': 'REDACTED'
    'Date': 'Wed, 25 Dec 2024 09:20:27 GMT'
2024-12-25 11:20:27,272 - INFO - cleaned_weather_data.csv downloaded from Azure Blob Storage to 2_data\downloaded_cleaned_weather_data.csv.
