2024-12-25 11:06:20,851 - INFO - Request URL: 'https://helsinkiweatherstorage.blob.core.windows.net/weather-data/cleaned_weather_data.csv'
Request method: 'PUT'
Request headers:
    'Content-Length': '191'
    'x-ms-blob-type': 'REDACTED'
    'x-ms-version': 'REDACTED'
    'Content-Type': 'application/octet-stream'
    'Accept': 'application/xml'
    'User-Agent': 'azsdk-python-storage-blob/12.24.0 Python/3.10.0 (Windows-10-10.0.19045-SP0)'
    'x-ms-date': 'REDACTED'
    'x-ms-client-request-id': '8201acb1-c29f-11ef-8a7a-049226707d6a'
    'Authorization': 'REDACTED'
A body is sent with the request
2024-12-25 11:06:21,306 - INFO - Response status: 201
Response headers:
    'Content-Length': '0'
    'Content-MD5': 'REDACTED'
    'Last-Modified': 'Wed, 25 Dec 2024 09:06:21 GMT'
    'ETag': '"0x8DD24C36671483C"'
    'Server': 'Windows-Azure-Blob/1.0 Microsoft-HTTPAPI/2.0'
    'x-ms-request-id': '315ac30d-f01e-002b-41ac-564249000000'
    'x-ms-client-request-id': '8201acb1-c29f-11ef-8a7a-049226707d6a'
    'x-ms-version': 'REDACTED'
    'x-ms-content-crc64': 'REDACTED'
    'x-ms-request-server-encrypted': 'REDACTED'
    'Date': 'Wed, 25 Dec 2024 09:06:21 GMT'
2024-12-25 11:06:21,306 - INFO - cleaned_weather_data.csv uploaded to Azure Blob Storage.
2024-12-25 11:20:24,951 - INFO - Request URL: 'https://helsinkiweatherstorage.blob.core.windows.net/weather-data/cleaned_weather_data.csv'
Request method: 'PUT'
Request headers:
    'Content-Length': '191'
    'x-ms-blob-type': 'REDACTED'
    'x-ms-version': 'REDACTED'
    'Content-Type': 'application/octet-stream'
    'Accept': 'application/xml'
    'User-Agent': 'azsdk-python-storage-blob/12.24.0 Python/3.10.0 (Windows-10-10.0.19045-SP0)'
    'x-ms-date': 'REDACTED'
    'x-ms-client-request-id': '7921283c-c2a1-11ef-9f5b-049226707d6a'
    'Authorization': 'REDACTED'
A body is sent with the request
2024-12-25 11:20:25,328 - INFO - Response status: 201
Response headers:
    'Content-Length': '0'
    'Content-MD5': 'REDACTED'
    'Last-Modified': 'Wed, 25 Dec 2024 09:20:25 GMT'
    'ETag': '"0x8DD24C55D8546AC"'
    'Server': 'Windows-Azure-Blob/1.0 Microsoft-HTTPAPI/2.0'
    'x-ms-request-id': 'aba6bac8-f01e-0020-4dae-565a3d000000'
    'x-ms-client-request-id': '7921283c-c2a1-11ef-9f5b-049226707d6a'
    'x-ms-version': 'REDACTED'
    'x-ms-content-crc64': 'REDACTED'
    'x-ms-request-server-encrypted': 'REDACTED'
    'Date': 'Wed, 25 Dec 2024 09:20:24 GMT'
2024-12-25 11:20:25,328 - INFO - cleaned_weather_data.csv uploaded to Azure Blob Storage.
